Fri Apr 15 13:48:25 BRT 2016 : Apache Derby Network Server - 10.10.2.0 - (1582446) started and ready to accept connections on port 1527
----------------------------------------------------------------
Fri Apr 15 13:48:25 BRT 2016:
Booting Derby version The Apache Software Foundation - Apache Derby - 10.10.2.0 - (1582446): instance a816c00e-0154-1ad2-d631-000050fde17b 
on database directory C:\Users\juliano.lopes\Documents\NetBeansProjects\LP2_PARTE2\teoria11 with class loader sun.misc.Launcher$AppClassLoader@5e2de80c 
Loaded from file:/C:/glassfish4/javadb/lib/derby.jar
java.vendor=Oracle Corporation
java.runtime.version=1.8.0_60-b27
user.dir=C:\glassfish4\javadb
os.name=Windows 7
os.arch=amd64
os.version=6.1
derby.system.home=C:\Users\juliano.lopes\Documents\NetBeansProjects\LP2_PARTE2
Database Class Loader started - derby.database.classpath=''
----------------------------------------------------------------
Fri Apr 15 13:48:30 BRT 2016:
Shutting down instance a816c00e-0154-1ad2-d631-000050fde17b on database directory C:\Users\juliano.lopes\Documents\NetBeansProjects\LP2_PARTE2\teoria11 with class loader sun.misc.Launcher$AppClassLoader@5e2de80c 
Fri Apr 15 13:48:30 BRT 2016 Thread[DRDAConnThread_3,5,main] (DATABASE = teoria11), (DRDAID = {2}), Database 'teoria11' shutdown.
----------------------------------------------------------------
Fri Apr 15 13:50:52 BRT 2016:
Booting Derby version The Apache Software Foundation - Apache Derby - 10.10.2.0 - (1582446): instance ed8940a7-0154-1ad2-d631-000050fde17b 
on database directory C:\Users\juliano.lopes\Documents\NetBeansProjects\LP2_PARTE2\teoria11 with class loader sun.misc.Launcher$AppClassLoader@5e2de80c 
Loaded from file:/C:/glassfish4/javadb/lib/derby.jar
java.vendor=Oracle Corporation
java.runtime.version=1.8.0_60-b27
user.dir=C:\glassfish4\javadb
os.name=Windows 7
os.arch=amd64
os.version=6.1
derby.system.home=C:\Users\juliano.lopes\Documents\NetBeansProjects\LP2_PARTE2
Database Class Loader started - derby.database.classpath=''
